<?xml version="1.0" encoding="UTF-8"?>
<testsuite name="org.apache.commons.csv.CSVPrinterTest" time="2.172" tests="46" errors="0" skipped="0" failures="0">
  <properties>
[...]
</properties>
  <testcase name="testHeaderCommentTdf" classname="org.apache.commons.csv.CSVPrinterTest" time="0.011"/>
  <testcase name="testDelimeterQuoteNONE" classname="org.apache.commons.csv.CSVPrinterTest" time="0.001"/>
  <testcase name="testHeaderNotSet" classname="org.apache.commons.csv.CSVPrinterTest" time="0.001"/>
  <testcase name="testExcelPrintAllArrayOfLists" classname="org.apache.commons.csv.CSVPrinterTest" time="0"/>
  <testcase name="testPrint" classname="org.apache.commons.csv.CSVPrinterTest" time="0"/>
  <testcase name="testQuoteNonNumeric" classname="org.apache.commons.csv.CSVPrinterTest" time="0.001"/>
  <testcase name="testJdbcPrinterWithResultSetMetaData" classname="org.apache.commons.csv.CSVPrinterTest" time="0.808"/>
  <testcase name="testEOLEscaped" classname="org.apache.commons.csv.CSVPrinterTest" time="0"/>
  <testcase name="testPrinter1" classname="org.apache.commons.csv.CSVPrinterTest" time="0.001"/>
  <testcase name="testPrinter2" classname="org.apache.commons.csv.CSVPrinterTest" time="0"/>
  <testcase name="testPrinter3" classname="org.apache.commons.csv.CSVPrinterTest" time="0"/>
  <testcase name="testPrinter4" classname="org.apache.commons.csv.CSVPrinterTest" time="0"/>
  <testcase name="testPrinter5" classname="org.apache.commons.csv.CSVPrinterTest" time="0.001"/>
  <testcase name="testPrinter6" classname="org.apache.commons.csv.CSVPrinterTest" time="0"/>
  <testcase name="testPrinter7" classname="org.apache.commons.csv.CSVPrinterTest" time="0"/>
  <testcase name="testDelimiterPlain" classname="org.apache.commons.csv.CSVPrinterTest" time="0"/>
  <testcase name="testSingleQuoteQuoted" classname="org.apache.commons.csv.CSVPrinterTest" time="0"/>
  <testcase name="testQuoteAll" classname="org.apache.commons.csv.CSVPrinterTest" time="0.001"/>
  <testcase name="testEOLQuoted" classname="org.apache.commons.csv.CSVPrinterTest" time="0"/>
  <testcase name="testEOLPlain" classname="org.apache.commons.csv.CSVPrinterTest" time="0"/>
  <testcase name="testExcelPrintAllIterableOfLists" classname="org.apache.commons.csv.CSVPrinterTest" time="0"/>
  <testcase name="testDelimeterQuoted" classname="org.apache.commons.csv.CSVPrinterTest" time="0.001"/>
  <testcase name="testSkipHeaderRecordFalse" classname="org.apache.commons.csv.CSVPrinterTest" time="0"/>
  <testcase name="testPlainPlain" classname="org.apache.commons.csv.CSVPrinterTest" time="0"/>
  <testcase name="testSingleLineComment" classname="org.apache.commons.csv.CSVPrinterTest" time="0"/>
  <testcase name="testExcelPrintAllIterableOfArrays" classname="org.apache.commons.csv.CSVPrinterTest" time="0"/>
  <testcase name="testNewCsvPrinterAppendableNullFormat" classname="org.apache.commons.csv.CSVPrinterTest" time="0"/>
  <testcase name="testInvalidFormat" classname="org.apache.commons.csv.CSVPrinterTest" time="0"/>
  <testcase name="testMultiLineComment" classname="org.apache.commons.csv.CSVPrinterTest" time="0.001"/>
  <testcase name="testJdbcPrinterWithResultSet" classname="org.apache.commons.csv.CSVPrinterTest" time="0.006"/>
  <testcase name="testPlainQuoted" classname="org.apache.commons.csv.CSVPrinterTest" time="0"/>
  <testcase name="testExcelPrintAllArrayOfArrays" classname="org.apache.commons.csv.CSVPrinterTest" time="0"/>
  <testcase name="testJdbcPrinter" classname="org.apache.commons.csv.CSVPrinterTest" time="0.006"/>
  <testcase name="testSkipHeaderRecordTrue" classname="org.apache.commons.csv.CSVPrinterTest" time="0"/>
  <testcase name="testDelimiterEscaped" classname="org.apache.commons.csv.CSVPrinterTest" time="0"/>
  <testcase name="testHeader" classname="org.apache.commons.csv.CSVPrinterTest" time="0.001"/>
  <testcase name="testParseCustomNullValues" classname="org.apache.commons.csv.CSVPrinterTest" time="0"/>
  <testcase name="testPrintCustomNullValues" classname="org.apache.commons.csv.CSVPrinterTest" time="0"/>
  <testcase name="testPrintNullValues" classname="org.apache.commons.csv.CSVPrinterTest" time="0"/>
  <testcase name="testRandom" classname="org.apache.commons.csv.CSVPrinterTest" time="1.332"/>
  <testcase name="testHeaderCommentExcel" classname="org.apache.commons.csv.CSVPrinterTest" time="0"/>
  <testcase name="testExcelPrinter1" classname="org.apache.commons.csv.CSVPrinterTest" time="0"/>
  <testcase name="testExcelPrinter2" classname="org.apache.commons.csv.CSVPrinterTest" time="0"/>
  <testcase name="testNewCSVPrinterNullAppendableFormat" classname="org.apache.commons.csv.CSVPrinterTest" time="0"/>
  <testcase name="testPlainEscaped" classname="org.apache.commons.csv.CSVPrinterTest" time="0"/>
  <testcase name="testDisabledComment" classname="org.apache.commons.csv.CSVPrinterTest" time="0"/>
</testsuite>